2022-08-13 11:21 +08:00: ReplyError: ERR value is not an integer or out of range
2022-08-13 11:21 +08:00:     at parseError (/lottery_redis/node_modules/redis-parser/lib/parser.js:179:12)
2022-08-13 11:21 +08:00:     at parseType (/lottery_redis/node_modules/redis-parser/lib/parser.js:302:14) {
2022-08-13 11:21 +08:00:   command: 'SETEX',
2022-08-13 11:21 +08:00:   args: [ 'slfk', NaN, '-' ],
2022-08-13 11:21 +08:00:   code: 'ERR'
2022-08-13 11:21 +08:00: }
2022-08-13 11:29 +08:00: ReplyError: ERR value is not an integer or out of range
2022-08-13 11:29 +08:00:     at parseError (/lottery_redis/node_modules/redis-parser/lib/parser.js:179:12)
2022-08-13 11:29 +08:00:     at parseType (/lottery_redis/node_modules/redis-parser/lib/parser.js:302:14) {
2022-08-13 11:29 +08:00:   command: 'SETEX',
2022-08-13 11:29 +08:00:   args: [ 'slfk', NaN, '-' ],
2022-08-13 11:29 +08:00:   code: 'ERR'
2022-08-13 11:29 +08:00: }
2022-08-13 11:33 +08:00: ReplyError: ERR value is not an integer or out of range
2022-08-13 11:33 +08:00:     at parseError (/lottery_redis/node_modules/redis-parser/lib/parser.js:179:12)
2022-08-13 11:33 +08:00:     at parseType (/lottery_redis/node_modules/redis-parser/lib/parser.js:302:14) {
2022-08-13 11:33 +08:00:   command: 'SETEX',
2022-08-13 11:33 +08:00:   args: [ 'slfk', NaN, '-' ],
2022-08-13 11:33 +08:00:   code: 'ERR'
2022-08-13 11:33 +08:00: }
2022-08-13 11:36 +08:00: ReplyError: ERR value is not an integer or out of range
2022-08-13 11:36 +08:00:     at parseError (/lottery_redis/node_modules/redis-parser/lib/parser.js:179:12)
2022-08-13 11:36 +08:00:     at parseType (/lottery_redis/node_modules/redis-parser/lib/parser.js:302:14) {
2022-08-13 11:36 +08:00:   command: 'SETEX',
2022-08-13 11:36 +08:00:   args: [ 'slfk', NaN, '-' ],
2022-08-13 11:36 +08:00:   code: 'ERR'
2022-08-13 11:36 +08:00: }
2022-08-13 11:40 +08:00: ReplyError: ERR value is not an integer or out of range
2022-08-13 11:40 +08:00:     at parseError (/lottery_redis/node_modules/redis-parser/lib/parser.js:179:12)
2022-08-13 11:40 +08:00:     at parseType (/lottery_redis/node_modules/redis-parser/lib/parser.js:302:14) {
2022-08-13 11:40 +08:00:   command: 'SETEX',
2022-08-13 11:40 +08:00:   args: [ 'slfk', NaN, '-' ],
2022-08-13 11:40 +08:00:   code: 'ERR'
2022-08-13 11:40 +08:00: }
2022-08-13 11:43 +08:00: ReplyError: ERR value is not an integer or out of range
2022-08-13 11:43 +08:00:     at parseError (/lottery_redis/node_modules/redis-parser/lib/parser.js:179:12)
2022-08-13 11:43 +08:00:     at parseType (/lottery_redis/node_modules/redis-parser/lib/parser.js:302:14) {
2022-08-13 11:43 +08:00:   command: 'SETEX',
2022-08-13 11:43 +08:00:   args: [ 'slfk', NaN, '-' ],
2022-08-13 11:43 +08:00:   code: 'ERR'
2022-08-13 11:43 +08:00: }
2022-08-13 11:46 +08:00: ReplyError: ERR value is not an integer or out of range
2022-08-13 11:46 +08:00:     at parseError (/lottery_redis/node_modules/redis-parser/lib/parser.js:179:12)
2022-08-13 11:46 +08:00:     at parseType (/lottery_redis/node_modules/redis-parser/lib/parser.js:302:14) {
2022-08-13 11:46 +08:00:   command: 'SETEX',
2022-08-13 11:46 +08:00:   args: [ 'slfk', NaN, '-' ],
2022-08-13 11:46 +08:00:   code: 'ERR'
2022-08-13 11:46 +08:00: }
2022-08-13 11:50 +08:00: ReplyError: ERR value is not an integer or out of range
2022-08-13 11:50 +08:00:     at parseError (/lottery_redis/node_modules/redis-parser/lib/parser.js:179:12)
2022-08-13 11:50 +08:00:     at parseType (/lottery_redis/node_modules/redis-parser/lib/parser.js:302:14) {
2022-08-13 11:50 +08:00:   command: 'SETEX',
2022-08-13 11:50 +08:00:   args: [ 'slfk', NaN, '-' ],
2022-08-13 11:50 +08:00:   code: 'ERR'
2022-08-13 11:50 +08:00: }
2022-08-13 11:54 +08:00: ReplyError: ERR value is not an integer or out of range
2022-08-13 11:54 +08:00:     at parseError (/lottery_redis/node_modules/redis-parser/lib/parser.js:179:12)
2022-08-13 11:54 +08:00:     at parseType (/lottery_redis/node_modules/redis-parser/lib/parser.js:302:14) {
2022-08-13 11:54 +08:00:   command: 'SETEX',
2022-08-13 11:54 +08:00:   args: [ 'slfk', NaN, '-' ],
2022-08-13 11:54 +08:00:   code: 'ERR'
2022-08-13 11:54 +08:00: }
2022-08-13 11:57 +08:00: ReplyError: ERR value is not an integer or out of range
2022-08-13 11:57 +08:00:     at parseError (/lottery_redis/node_modules/redis-parser/lib/parser.js:179:12)
2022-08-13 11:57 +08:00:     at parseType (/lottery_redis/node_modules/redis-parser/lib/parser.js:302:14) {
2022-08-13 11:57 +08:00:   command: 'SETEX',
2022-08-13 11:57 +08:00:   args: [ 'slfk', NaN, '-' ],
2022-08-13 11:57 +08:00:   code: 'ERR'
2022-08-13 11:57 +08:00: }
2022-08-13 12:00 +08:00: ReplyError: ERR value is not an integer or out of range
2022-08-13 12:00 +08:00:     at parseError (/lottery_redis/node_modules/redis-parser/lib/parser.js:179:12)
2022-08-13 12:00 +08:00:     at parseType (/lottery_redis/node_modules/redis-parser/lib/parser.js:302:14) {
2022-08-13 12:00 +08:00:   command: 'SETEX',
2022-08-13 12:00 +08:00:   args: [ 'slfk', NaN, '-' ],
2022-08-13 12:00 +08:00:   code: 'ERR'
2022-08-13 12:00 +08:00: }
2022-08-13 12:04 +08:00: ReplyError: ERR value is not an integer or out of range
2022-08-13 12:04 +08:00:     at parseError (/lottery_redis/node_modules/redis-parser/lib/parser.js:179:12)
2022-08-13 12:04 +08:00:     at parseType (/lottery_redis/node_modules/redis-parser/lib/parser.js:302:14) {
2022-08-13 12:04 +08:00:   command: 'SETEX',
2022-08-13 12:04 +08:00:   args: [ 'slfk', NaN, '-' ],
2022-08-13 12:04 +08:00:   code: 'ERR'
2022-08-13 12:04 +08:00: }
2022-08-13 12:08 +08:00: ReplyError: ERR value is not an integer or out of range
2022-08-13 12:08 +08:00:     at parseError (/lottery_redis/node_modules/redis-parser/lib/parser.js:179:12)
2022-08-13 12:08 +08:00:     at parseType (/lottery_redis/node_modules/redis-parser/lib/parser.js:302:14) {
2022-08-13 12:08 +08:00:   command: 'SETEX',
2022-08-13 12:08 +08:00:   args: [ 'slfk', NaN, '-' ],
2022-08-13 12:08 +08:00:   code: 'ERR'
2022-08-13 12:08 +08:00: }
2022-08-13 12:11 +08:00: ReplyError: ERR value is not an integer or out of range
2022-08-13 12:11 +08:00:     at parseError (/lottery_redis/node_modules/redis-parser/lib/parser.js:179:12)
2022-08-13 12:11 +08:00:     at parseType (/lottery_redis/node_modules/redis-parser/lib/parser.js:302:14) {
2022-08-13 12:11 +08:00:   command: 'SETEX',
2022-08-13 12:11 +08:00:   args: [ 'slfk', NaN, '-' ],
2022-08-13 12:11 +08:00:   code: 'ERR'
2022-08-13 12:11 +08:00: }
2022-08-13 12:15 +08:00: ReplyError: ERR value is not an integer or out of range
2022-08-13 12:15 +08:00:     at parseError (/lottery_redis/node_modules/redis-parser/lib/parser.js:179:12)
2022-08-13 12:15 +08:00:     at parseType (/lottery_redis/node_modules/redis-parser/lib/parser.js:302:14) {
2022-08-13 12:15 +08:00:   command: 'SETEX',
2022-08-13 12:15 +08:00:   args: [ 'slfk', NaN, '-' ],
2022-08-13 12:15 +08:00:   code: 'ERR'
2022-08-13 12:15 +08:00: }
2022-08-13 12:18 +08:00: ReplyError: ERR value is not an integer or out of range
2022-08-13 12:18 +08:00:     at parseError (/lottery_redis/node_modules/redis-parser/lib/parser.js:179:12)
2022-08-13 12:18 +08:00:     at parseType (/lottery_redis/node_modules/redis-parser/lib/parser.js:302:14) {
2022-08-13 12:18 +08:00:   command: 'SETEX',
2022-08-13 12:18 +08:00:   args: [ 'slfk', NaN, '-' ],
2022-08-13 12:18 +08:00:   code: 'ERR'
2022-08-13 12:18 +08:00: }
